Starting "ALPHA"."EXP_SD_4-16_19_59":  
Processing object type SCHEMA_EXPORT/TABLE/TABLE_DATA
.  estimated "ALPHA"."SALES_ORDER_HEADER"                1.626 MB
.  estimated "ALPHA"."SALES_ORDER_LINE_ITEM"             488.8 KB
.  estimated "ALPHA"."PRODUCTS"                          22.57 KB
.  estimated "ALPHA"."COUNTRY_CODES"                     18.54 KB
.  estimated "ALPHA"."ADDRESSES"                         18.06 KB
.  estimated "ALPHA"."CUSTOMERS"                         16.49 KB
.  estimated "ALPHA"."ORDERS"                            12.36 KB
.  estimated "ALPHA"."LOOKUP_CODES"                      12.36 KB
.  estimated "ALPHA"."PAYMENT_OPTIONS"                   11.59 KB
.  estimated "ALPHA"."ALPHA_SERVICES_STATS"              10.28 KB
.  estimated "ALPHA"."CUSTOMER_IDENTIFICATIONS"          10.00 KB
.  estimated "ALPHA"."ADDRESS_USAGES"                    9.833 KB
.  estimated "ALPHA"."PRODUCT_CATEGORIES"                9.687 KB
.  estimated "ALPHA"."DISCOUNTS"                         9.129 KB
.  estimated "ALPHA"."ORDER_ITEMS"                       8.628 KB
.  estimated "ALPHA"."COUPON_USAGES"                     8.196 KB
.  estimated "ALPHA"."PRODUCT_STOCK_LEVELS"              8.070 KB
.  estimated "ALPHA"."CUSTOMER_INTERESTS"                7.876 KB
.  estimated "ALPHA"."PRODUCT_IMAGES"                    4.683 KB
Processing object type SCHEMA_EXPORT/TABLE/INDEX/STATISTICS/INDEX_STATISTICS
Processing object type SCHEMA_EXPORT/TABLE/STATISTICS/TABLE_STATISTICS
Processing object type SCHEMA_EXPORT/STATISTICS/MARKER
Processing object type SCHEMA_EXPORT/USER
Processing object type SCHEMA_EXPORT/SYSTEM_GRANT
Processing object type SCHEMA_EXPORT/ROLE_GRANT
Processing object type SCHEMA_EXPORT/DEFAULT_ROLE
Processing object type SCHEMA_EXPORT/PASSWORD_HISTORY
Processing object type SCHEMA_EXPORT/PRE_SCHEMA/PROCACT_SCHEMA
Processing object type SCHEMA_EXPORT/SEQUENCE/SEQUENCE
Processing object type SCHEMA_EXPORT/TABLE/TABLE
Processing object type SCHEMA_EXPORT/TABLE/COMMENT
Processing object type SCHEMA_EXPORT/FUNCTION/FUNCTION
Processing object type SCHEMA_EXPORT/PROCEDURE/PROCEDURE
Processing object type SCHEMA_EXPORT/FUNCTION/ALTER_FUNCTION
Processing object type SCHEMA_EXPORT/PROCEDURE/ALTER_PROCEDURE
Processing object type SCHEMA_EXPORT/VIEW/VIEW
Processing object type SCHEMA_EXPORT/TABLE/INDEX/INDEX
Processing object type SCHEMA_EXPORT/TABLE/CONSTRAINT/CONSTRAINT
Processing object type SCHEMA_EXPORT/TABLE/CONSTRAINT/REF_CONSTRAINT
Processing object type SCHEMA_EXPORT/TABLE/TRIGGER
. . exported "ALPHA"."SALES_ORDER_HEADER"                1.719 MB   21456 rows
. . exported "ALPHA"."SALES_ORDER_LINE_ITEM"             572.6 KB   21456 rows
. . exported "ALPHA"."PRODUCTS"                          24.58 KB      57 rows
. . exported "ALPHA"."COUNTRY_CODES"                     19.96 KB     244 rows
. . exported "ALPHA"."ADDRESSES"                         19.33 KB     119 rows
. . exported "ALPHA"."CUSTOMERS"                         18.39 KB      16 rows
. . exported "ALPHA"."ORDERS"                            13.84 KB       3 rows
. . exported "ALPHA"."LOOKUP_CODES"                      13.23 KB      56 rows
. . exported "ALPHA"."PAYMENT_OPTIONS"                   12.79 KB       7 rows
. . exported "ALPHA"."ALPHA_SERVICES_STATS"              10.91 KB      33 rows
. . exported "ALPHA"."CUSTOMER_IDENTIFICATIONS"          10.85 KB       6 rows
. . exported "ALPHA"."ADDRESS_USAGES"                    10.62 KB      25 rows
. . exported "ALPHA"."PRODUCT_CATEGORIES"                10.58 KB      20 rows
. . exported "ALPHA"."DISCOUNTS"                         9.812 KB       7 rows
. . exported "ALPHA"."ORDER_ITEMS"                       9.390 KB       4 rows
. . exported "ALPHA"."COUPON_USAGES"                     8.820 KB       3 rows
. . exported "ALPHA"."PRODUCT_STOCK_LEVELS"              8.648 KB      26 rows
. . exported "ALPHA"."CUSTOMER_INTERESTS"                8.476 KB       6 rows
. . exported "ALPHA"."PRODUCT_IMAGES"                        0 KB       0 rows
ORA-39173: Encrypted data has been stored unencrypted in dump file set.
Master table "ALPHA"."EXP_SD_4-16_19_59" successfully loaded/unloaded
******************************************************************************
Dump file set for ALPHA.EXP_SD_4-16_19_59 is:
  /u01/app/oracle/product/18.2/dbhome_1/rdbms/log/7BE41F06CD834697E0530202000ACA8B/expdp_alpha-16_20_03.dmp
Job "ALPHA"."EXP_SD_4-16_19_59" successfully completed at Fri Nov 30 16:21:00 2018 elapsed 0 00:00:58
