Master table "ADMIN"."IMP_SD_202-16_00_32" successfully loaded/unloaded
Starting "ADMIN"."IMP_SD_202-16_00_32":  
Processing object type SCHEMA_EXPORT/USER
ORA-31684: Object type USER:"ALPHA" already exists
Processing object type SCHEMA_EXPORT/SYSTEM_GRANT
Processing object type SCHEMA_EXPORT/ROLE_GRANT
Processing object type SCHEMA_EXPORT/DEFAULT_ROLE
Processing object type SCHEMA_EXPORT/PASSWORD_HISTORY
ORA-39111: Dependent object type PASSWORD_HISTORY:"ALPHA" skipped, base object type USER:"ALPHA" already exists
Processing object type SCHEMA_EXPORT/PRE_SCHEMA/PROCACT_SCHEMA
Processing object type SCHEMA_EXPORT/SEQUENCE/SEQUENCE
Processing object type SCHEMA_EXPORT/TABLE/TABLE
Processing object type SCHEMA_EXPORT/TABLE/TABLE_DATA
. . imported "ALPHA"."SALES_ORDER_HEADER"                1.719 MB   21456 rows
. . imported "ALPHA"."SALES_ORDER_LINE_ITEM"             572.6 KB   21456 rows
. . imported "ALPHA"."ADDRESSES"                         19.33 KB     119 rows
. . imported "ALPHA"."ADDRESS_USAGES"                    10.62 KB      25 rows
. . imported "ALPHA"."ALPHA_SERVICES_STATS"              10.91 KB      33 rows
. . imported "ALPHA"."COUNTRY_CODES"                     19.96 KB     244 rows
. . imported "ALPHA"."COUPON_USAGES"                     8.820 KB       3 rows
. . imported "ALPHA"."CUSTOMERS"                         18.39 KB      16 rows
. . imported "ALPHA"."CUSTOMER_IDENTIFICATIONS"          10.85 KB       6 rows
. . imported "ALPHA"."CUSTOMER_INTERESTS"                8.476 KB       6 rows
. . imported "ALPHA"."DISCOUNTS"                         9.812 KB       7 rows
. . imported "ALPHA"."LOOKUP_CODES"                      13.23 KB      56 rows
. . imported "ALPHA"."ORDERS"                            13.84 KB       3 rows
. . imported "ALPHA"."ORDER_ITEMS"                       9.390 KB       4 rows
. . imported "ALPHA"."PAYMENT_OPTIONS"                   12.79 KB       7 rows
. . imported "ALPHA"."PRODUCTS"                          24.58 KB      57 rows
. . imported "ALPHA"."PRODUCT_CATEGORIES"                10.58 KB      20 rows
. . imported "ALPHA"."PRODUCT_STOCK_LEVELS"              8.648 KB      26 rows
. . imported "ALPHA"."PRODUCT_IMAGES"                        0 KB       0 rows
Processing object type SCHEMA_EXPORT/FUNCTION/FUNCTION
Processing object type SCHEMA_EXPORT/PROCEDURE/PROCEDURE
Processing object type SCHEMA_EXPORT/FUNCTION/ALTER_FUNCTION
Processing object type SCHEMA_EXPORT/PROCEDURE/ALTER_PROCEDURE
Processing object type SCHEMA_EXPORT/VIEW/VIEW
Processing object type SCHEMA_EXPORT/TABLE/INDEX/INDEX
Processing object type SCHEMA_EXPORT/TABLE/CONSTRAINT/CONSTRAINT
Processing object type SCHEMA_EXPORT/TABLE/INDEX/STATISTICS/INDEX_STATISTICS
Processing object type SCHEMA_EXPORT/TABLE/CONSTRAINT/REF_CONSTRAINT
Processing object type SCHEMA_EXPORT/TABLE/TRIGGER
Processing object type SCHEMA_EXPORT/TABLE/STATISTICS/TABLE_STATISTICS
Processing object type SCHEMA_EXPORT/STATISTICS/MARKER
ORA-39082: Object type FUNCTION:"ALPHA"."CALCTPS" created with compilation warnings
Job "ADMIN"."IMP_SD_202-16_00_32" completed with 3 error(s) at Mon Dec 3 16:04:44 2018 elapsed 0 00:04:11
